<?xml version="1.0" encoding="UTF-8"?>
<testng-results ignored="0" total="1" passed="1" failed="0" skipped="0">
  <reporter-output>
  </reporter-output>
  <suite started-at="2022-03-15T15:37:44 CST" name="Default suite" finished-at="2022-03-15T15:38:01 CST" duration-ms="16459">
    <groups>
    </groups>
    <test started-at="2022-03-15T15:37:44 CST" name="Default test" finished-at="2022-03-15T15:38:01 CST" duration-ms="16459">
      <class name="tests.TestRunner">
        <test-method is-config="true" signature="setUp()[pri:0, instance:tests.TestRunner@7e7be63f]" started-at="2022-03-15T15:37:44 CST" name="setUp" finished-at="2022-03-15T15:37:53 CST" duration-ms="8877" status="PASS">
          <reporter-output>
          </reporter-output>
        </test-method> <!-- setUp -->
        <test-method signature="testBuyAPhone()[pri:0, instance:tests.TestRunner@7e7be63f]" started-at="2022-03-15T15:37:53 CST" name="testBuyAPhone" finished-at="2022-03-15T15:37:58 CST" duration-ms="5405" status="PASS">
          <reporter-output>
          </reporter-output>
        </test-method> <!-- testBuyAPhone -->
        <test-method is-config="true" signature="tearDown()[pri:0, instance:tests.TestRunner@7e7be63f]" started-at="2022-03-15T15:37:58 CST" name="tearDown" finished-at="2022-03-15T15:38:01 CST" duration-ms="2143" status="PASS">
          <reporter-output>
          </reporter-output>
        </test-method> <!-- tearDown -->
      </class> <!-- tests.TestRunner -->
    </test> <!-- Default test -->
  </suite> <!-- Default suite -->
</testng-results>
